d:\tiago\program\chessers\gfx\x64\debug\raylib.dll
d:\tiago\program\chessers\gfx\gfx\x64\debug\vc143.pdb
d:\tiago\program\chessers\gfx\gfx\x64\debug\vc143.idb
d:\tiago\program\chessers\gfx\gfx\x64\debug\window.obj
d:\tiago\program\chessers\gfx\gfx\x64\debug\glut_window.obj
d:\tiago\program\chessers\gfx\gfx\x64\debug\utils.obj
d:\tiago\program\chessers\gfx\gfx\x64\debug\core.obj
d:\tiago\program\chessers\gfx\gfx\x64\debug\chess.obj
d:\tiago\program\chessers\gfx\x64\debug\chessbot.exe
d:\tiago\program\chessers\gfx\gfx\x64\debug\chessbot.ilk
d:\tiago\program\chessers\gfx\x64\debug\chessbot.pdb
d:\tiago\program\chessers\gfx\gfx\x64\debug\gfx.ilk
d:\tiago\program\chessers\gfx\gfx\x64\debug\chessbot.tlog\chessbot.write.1u.tlog
d:\tiago\program\chessers\gfx\gfx\x64\debug\chessbot.tlog\cl.command.1.tlog
d:\tiago\program\chessers\gfx\gfx\x64\debug\chessbot.tlog\cl.items.tlog
d:\tiago\program\chessers\gfx\gfx\x64\debug\chessbot.tlog\cl.read.1.tlog
d:\tiago\program\chessers\gfx\gfx\x64\debug\chessbot.tlog\cl.write.1.tlog
d:\tiago\program\chessers\gfx\gfx\x64\debug\chessbot.tlog\link.command.1.tlog
d:\tiago\program\chessers\gfx\gfx\x64\debug\chessbot.tlog\link.read.1.tlog
d:\tiago\program\chessers\gfx\gfx\x64\debug\chessbot.tlog\link.write.1.tlog
