D:\Program Files\VisualStudio\MSBuild\Microsoft\VC\v170\Microsoft.CppBuild.targets(531,5): warning MSB8028: The intermediate directory (x64\Debug\) contains files shared from another project (gfx.vcxproj).  This can lead to incorrect clean and rebuild behavior.
  chess.cpp
D:\TIAGO\program\chessers\gfx\gfx\core\chess.h(2,10): warning C4067: unexpected tokens following preprocessor directive - expected a newline
D:\TIAGO\program\chessers\gfx\gfx\core\chess.cpp(8,10): warning C4067: unexpected tokens following preprocessor directive - expected a newline
  core.cpp
D:\TIAGO\program\chessers\gfx\gfx\core\chess.h(2,10): warning C4067: unexpected tokens following preprocessor directive - expected a newline
D:\TIAGO\program\chessers\gfx\gfx\core\core.cpp(53,56): warning C4267: 'argument': conversion from 'size_t' to 'const T', possible loss of data
          with
          [
              T=int
          ]
  utils.cpp
D:\TIAGO\program\chessers\gfx\gfx\core\chess.h(2,10): warning C4067: unexpected tokens following preprocessor directive - expected a newline
D:\TIAGO\program\chessers\gfx\gfx\core\utils.cpp(150,24): warning C4244: 'initializing': conversion from 'float' to 'int', possible loss of data
D:\TIAGO\program\chessers\gfx\gfx\core\utils.cpp(150,54): warning C4244: 'initializing': conversion from 'float' to 'int', possible loss of data
D:\TIAGO\program\chessers\gfx\gfx\core\utils.cpp(396,17): warning C4244: 'initializing': conversion from 'float' to 'char', possible loss of data
  glut_window.cpp
  window.cpp
D:\TIAGO\program\chessers\gfx\gfx\core\chess.h(2,10): warning C4067: unexpected tokens following preprocessor directive - expected a newline
  Running Code Analysis for C/C++...
  Generating Code...
D:\TIAGO\program\chessers\gfx\gfx\core\utils.cpp(105): warning C4172: returning address of local variable or temporary: p
D:\TIAGO\program\chessers\gfx\gfx\core\utils.cpp(119): warning C4172: returning address of local variable or temporary: p
  gfx.vcxproj -> D:\TIAGO\program\chessers\gfx\x64\Debug\chessbot.exe
D:\TIAGO\program\chessers\gfx\gfx\core\chess.cpp(24): warning C26817: Potentially expensive copy of variable 'piece' in range-for loop. Consider making it a const reference (es.71).
D:\TIAGO\program\chessers\gfx\gfx\core\chess.cpp(101): warning C26817: Potentially expensive copy of variable 'piece' in range-for loop. Consider making it a const reference (es.71).
D:\TIAGO\program\chessers\gfx\gfx\core\utils.h(20): warning C26495: Variable 'Utils::ChessPiece::position' is uninitialized. Always initialize a member variable (type.6).
D:\TIAGO\program\chessers\gfx\gfx\core\utils.cpp(94): warning C26817: Potentially expensive copy of variable 'p' in range-for loop. Consider making it a const reference (es.71).
D:\TIAGO\program\chessers\gfx\gfx\core\utils.cpp(113): warning C26817: Potentially expensive copy of variable 'p' in range-for loop. Consider making it a const reference (es.71).
D:\TIAGO\program\chessers\gfx\gfx\window.cpp(99): warning C26817: Potentially expensive copy of variable 'piece' in range-for loop. Consider making it a const reference (es.71).
D:\TIAGO\program\chessers\gfx\gfx\window.cpp(137): warning C26817: Potentially expensive copy of variable 'p' in range-for loop. Consider making it a const reference (es.71).
